{"/Users/natalieelizabeth/Desktop/news-api/src/app/components/Articles.js": {"path":"/Users/natalieelizabeth/Desktop/news-api/src/app/components/Articles.js","statementMap":{"0":{"start":{"line":6,"column":4},"end":{"line":6,"column":17}},"1":{"start":{"line":7,"column":4},"end":{"line":9,"column":6}},"2":{"start":{"line":13,"column":4},"end":{"line":28,"column":6}},"3":{"start":{"line":17,"column":12},"end":{"line":24,"column":20}}},"fnMap":{"0":{"name":"(anonymous_0)","decl":{"start":{"line":5,"column":2},"end":{"line":5,"column":3}},"loc":{"start":{"line":5,"column":21},"end":{"line":10,"column":3}},"line":5},"1":{"name":"(anonymous_1)","decl":{"start":{"line":12,"column":2},"end":{"line":12,"column":3}},"loc":{"start":{"line":12,"column":11},"end":{"line":29,"column":3}},"line":12},"2":{"name":"(anonymous_2)","decl":{"start":{"line":16,"column":34},"end":{"line":16,"column":35}},"loc":{"start":{"line":16,"column":54},"end":{"line":25,"column":11}},"line":16}},"branchMap":{},"s":{"0":0,"1":0,"2":0,"3":0},"f":{"0":0,"1":0,"2":0},"b":{},"_coverageSchema":"332fd63041d2c1bcb487cc26dd0d5f7d97098a6c","hash":"25e5a126c215f24f5d86640b193ab934efb73d25"}
,"/Users/natalieelizabeth/Desktop/news-api/src/app/components/Login.js": {"path":"/Users/natalieelizabeth/Desktop/news-api/src/app/components/Login.js","statementMap":{"0":{"start":{"line":7,"column":16},"end":{"line":9,"column":1}},"1":{"start":{"line":8,"column":2},"end":{"line":8,"column":24}},"2":{"start":{"line":11,"column":14},"end":{"line":13,"column":1}},"3":{"start":{"line":12,"column":2},"end":{"line":12,"column":26}},"4":{"start":{"line":15,"column":16},"end":{"line":17,"column":1}},"5":{"start":{"line":16,"column":2},"end":{"line":16,"column":25}},"6":{"start":{"line":19,"column":2},"end":{"line":30,"column":4}},"7":{"start":{"line":32,"column":0},"end":{"line":32,"column":23}}},"fnMap":{"0":{"name":"(anonymous_0)","decl":{"start":{"line":7,"column":16},"end":{"line":7,"column":17}},"loc":{"start":{"line":7,"column":30},"end":{"line":9,"column":1}},"line":7},"1":{"name":"(anonymous_1)","decl":{"start":{"line":11,"column":14},"end":{"line":11,"column":15}},"loc":{"start":{"line":11,"column":28},"end":{"line":13,"column":1}},"line":11},"2":{"name":"(anonymous_2)","decl":{"start":{"line":15,"column":16},"end":{"line":15,"column":17}},"loc":{"start":{"line":15,"column":22},"end":{"line":17,"column":1}},"line":15},"3":{"name":"Login","decl":{"start":{"line":18,"column":9},"end":{"line":18,"column":14}},"loc":{"start":{"line":18,"column":17},"end":{"line":31,"column":1}},"line":18}},"branchMap":{},"s":{"0":1,"1":0,"2":1,"3":0,"4":1,"5":0,"6":3,"7":1},"f":{"0":0,"1":0,"2":0,"3":3},"b":{},"_coverageSchema":"332fd63041d2c1bcb487cc26dd0d5f7d97098a6c","hash":"ecdef6f6b4cb9ffc3e2891bdeefc064f88dbd35c"}
,"/Users/natalieelizabeth/Desktop/news-api/src/app/components/Nav.js": {"path":"/Users/natalieelizabeth/Desktop/news-api/src/app/components/Nav.js","statementMap":{"0":{"start":{"line":10,"column":16},"end":{"line":21,"column":1}},"1":{"start":{"line":25,"column":4},"end":{"line":25,"column":17}},"2":{"start":{"line":26,"column":4},"end":{"line":26,"column":40}},"3":{"start":{"line":27,"column":4},"end":{"line":40,"column":6}},"4":{"start":{"line":43,"column":4},"end":{"line":43,"column":53}},"5":{"start":{"line":44,"column":4},"end":{"line":44,"column":55}},"6":{"start":{"line":45,"column":4},"end":{"line":45,"column":59}},"7":{"start":{"line":50,"column":4},"end":{"line":50,"column":56}},"8":{"start":{"line":54,"column":4},"end":{"line":54,"column":39}},"9":{"start":{"line":58,"column":4},"end":{"line":58,"column":40}},"10":{"start":{"line":62,"column":4},"end":{"line":62,"column":37}},"11":{"start":{"line":66,"column":4},"end":{"line":66,"column":47}},"12":{"start":{"line":70,"column":4},"end":{"line":72,"column":7}},"13":{"start":{"line":73,"column":21},"end":{"line":73,"column":147}},"14":{"start":{"line":74,"column":4},"end":{"line":83,"column":9}},"15":{"start":{"line":76,"column":8},"end":{"line":79,"column":11}},"16":{"start":{"line":82,"column":8},"end":{"line":82,"column":12}},"17":{"start":{"line":87,"column":4},"end":{"line":87,"column":32}},"18":{"start":{"line":88,"column":4},"end":{"line":88,"column":35}},"19":{"start":{"line":92,"column":4},"end":{"line":101,"column":5}},"20":{"start":{"line":93,"column":6},"end":{"line":100,"column":7}},"21":{"start":{"line":96,"column":12},"end":{"line":96,"column":119}},"22":{"start":{"line":96,"column":70},"end":{"line":96,"column":98}},"23":{"start":{"line":102,"column":4},"end":{"line":102,"column":43}},"24":{"start":{"line":106,"column":54},"end":{"line":106,"column":64}},"25":{"start":{"line":107,"column":29},"end":{"line":107,"column":41}},"26":{"start":{"line":109,"column":4},"end":{"line":111,"column":5}},"27":{"start":{"line":110,"column":6},"end":{"line":110,"column":36}},"28":{"start":{"line":112,"column":17},"end":{"line":113,"column":51}},"29":{"start":{"line":114,"column":20},"end":{"line":125,"column":10}},"30":{"start":{"line":127,"column":25},"end":{"line":134,"column":5}},"31":{"start":{"line":136,"column":4},"end":{"line":138,"column":5}},"32":{"start":{"line":137,"column":6},"end":{"line":137,"column":35}},"33":{"start":{"line":145,"column":4},"end":{"line":167,"column":6}}},"fnMap":{"0":{"name":"(anonymous_0)","decl":{"start":{"line":24,"column":2},"end":{"line":24,"column":3}},"loc":{"start":{"line":24,"column":21},"end":{"line":47,"column":3}},"line":24},"1":{"name":"(anonymous_1)","decl":{"start":{"line":49,"column":2},"end":{"line":49,"column":3}},"loc":{"start":{"line":49,"column":14},"end":{"line":51,"column":3}},"line":49},"2":{"name":"(anonymous_2)","decl":{"start":{"line":53,"column":2},"end":{"line":53,"column":3}},"loc":{"start":{"line":53,"column":11},"end":{"line":55,"column":3}},"line":53},"3":{"name":"(anonymous_3)","decl":{"start":{"line":57,"column":2},"end":{"line":57,"column":3}},"loc":{"start":{"line":57,"column":12},"end":{"line":59,"column":3}},"line":57},"4":{"name":"(anonymous_4)","decl":{"start":{"line":61,"column":13},"end":{"line":61,"column":14}},"loc":{"start":{"line":61,"column":23},"end":{"line":63,"column":3}},"line":61},"5":{"name":"(anonymous_5)","decl":{"start":{"line":65,"column":2},"end":{"line":65,"column":3}},"loc":{"start":{"line":65,"column":22},"end":{"line":67,"column":3}},"line":65},"6":{"name":"(anonymous_6)","decl":{"start":{"line":69,"column":2},"end":{"line":69,"column":3}},"loc":{"start":{"line":69,"column":38},"end":{"line":84,"column":3}},"line":69},"7":{"name":"(anonymous_7)","decl":{"start":{"line":75,"column":12},"end":{"line":75,"column":13}},"loc":{"start":{"line":75,"column":24},"end":{"line":80,"column":7}},"line":75},"8":{"name":"(anonymous_8)","decl":{"start":{"line":81,"column":13},"end":{"line":81,"column":14}},"loc":{"start":{"line":81,"column":28},"end":{"line":83,"column":7}},"line":81},"9":{"name":"(anonymous_9)","decl":{"start":{"line":86,"column":17},"end":{"line":86,"column":18}},"loc":{"start":{"line":86,"column":32},"end":{"line":89,"column":3}},"line":86},"10":{"name":"(anonymous_10)","decl":{"start":{"line":91,"column":18},"end":{"line":91,"column":19}},"loc":{"start":{"line":91,"column":31},"end":{"line":103,"column":3}},"line":91},"11":{"name":"(anonymous_11)","decl":{"start":{"line":95,"column":23},"end":{"line":95,"column":24}},"loc":{"start":{"line":95,"column":42},"end":{"line":97,"column":11}},"line":95},"12":{"name":"(anonymous_12)","decl":{"start":{"line":96,"column":64},"end":{"line":96,"column":65}},"loc":{"start":{"line":96,"column":70},"end":{"line":96,"column":98}},"line":96},"13":{"name":"(anonymous_13)","decl":{"start":{"line":105,"column":2},"end":{"line":105,"column":3}},"loc":{"start":{"line":105,"column":11},"end":{"line":168,"column":3}},"line":105}},"branchMap":{"0":{"loc":{"start":{"line":73,"column":83},"end":{"line":73,"column":105}},"type":"cond-expr","locations":[{"start":{"line":73,"column":93},"end":{"line":73,"column":100}},{"start":{"line":73,"column":103},"end":{"line":73,"column":105}}],"line":73},"1":{"loc":{"start":{"line":92,"column":4},"end":{"line":101,"column":5}},"type":"if","locations":[{"start":{"line":92,"column":4},"end":{"line":101,"column":5}},{"start":{"line":92,"column":4},"end":{"line":101,"column":5}}],"line":92},"2":{"loc":{"start":{"line":109,"column":4},"end":{"line":111,"column":5}},"type":"if","locations":[{"start":{"line":109,"column":4},"end":{"line":111,"column":5}},{"start":{"line":109,"column":4},"end":{"line":111,"column":5}}],"line":109},"3":{"loc":{"start":{"line":136,"column":4},"end":{"line":138,"column":5}},"type":"if","locations":[{"start":{"line":136,"column":4},"end":{"line":138,"column":5}},{"start":{"line":136,"column":4},"end":{"line":138,"column":5}}],"line":136},"4":{"loc":{"start":{"line":148,"column":11},"end":{"line":148,"column":36}},"type":"binary-expr","locations":[{"start":{"line":148,"column":11},"end":{"line":148,"column":26}},{"start":{"line":148,"column":30},"end":{"line":148,"column":36}}],"line":148},"5":{"loc":{"start":{"line":158,"column":15},"end":{"line":158,"column":106}},"type":"cond-expr","locations":[{"start":{"line":158,"column":36},"end":{"line":158,"column":60}},{"start":{"line":158,"column":63},"end":{"line":158,"column":106}}],"line":158}},"s":{"0":1,"1":5,"2":5,"3":5,"4":5,"5":5,"6":5,"7":0,"8":0,"9":0,"10":0,"11":1,"12":1,"13":1,"14":1,"15":0,"16":1,"17":0,"18":0,"19":7,"20":0,"21":0,"22":0,"23":7,"24":7,"25":7,"26":7,"27":0,"28":7,"29":7,"30":7,"31":7,"32":0,"33":7},"f":{"0":5,"1":0,"2":0,"3":0,"4":0,"5":1,"6":1,"7":0,"8":1,"9":0,"10":7,"11":0,"12":0,"13":7},"b":{"0":[0,1],"1":[0,7],"2":[0,7],"3":[0,7],"4":[7,7],"5":[7,0]},"_coverageSchema":"332fd63041d2c1bcb487cc26dd0d5f7d97098a6c","hash":"360cdeb9fa1bbe2518eace3532b4b7459bbe7dd9"}
,"/Users/natalieelizabeth/Desktop/news-api/src/app/components/NavBar.js": {"path":"/Users/natalieelizabeth/Desktop/news-api/src/app/components/NavBar.js","statementMap":{"0":{"start":{"line":11,"column":21},"end":{"line":11,"column":127}},"1":{"start":{"line":12,"column":4},"end":{"line":27,"column":6}},"2":{"start":{"line":15,"column":10},"end":{"line":23,"column":12}},"3":{"start":{"line":31,"column":0},"end":{"line":34,"column":2}},"4":{"start":{"line":40,"column":4},"end":{"line":40,"column":12}},"5":{"start":{"line":41,"column":4},"end":{"line":44,"column":6}},"6":{"start":{"line":47,"column":4},"end":{"line":47,"column":47}},"7":{"start":{"line":50,"column":4},"end":{"line":50,"column":48}},"8":{"start":{"line":56,"column":4},"end":{"line":62,"column":7}},"9":{"start":{"line":57,"column":6},"end":{"line":61,"column":8}},"10":{"start":{"line":63,"column":4},"end":{"line":72,"column":20}},"11":{"start":{"line":65,"column":8},"end":{"line":65,"column":41}},"12":{"start":{"line":66,"column":8},"end":{"line":70,"column":11}},"13":{"start":{"line":67,"column":10},"end":{"line":69,"column":12}},"14":{"start":{"line":77,"column":4},"end":{"line":82,"column":6}},"15":{"start":{"line":85,"column":0},"end":{"line":85,"column":24}}},"fnMap":{"0":{"name":"(anonymous_0)","decl":{"start":{"line":10,"column":2},"end":{"line":10,"column":3}},"loc":{"start":{"line":10,"column":11},"end":{"line":28,"column":3}},"line":10},"1":{"name":"(anonymous_1)","decl":{"start":{"line":14,"column":24},"end":{"line":14,"column":25}},"loc":{"start":{"line":14,"column":44},"end":{"line":25,"column":9}},"line":14},"2":{"name":"(anonymous_2)","decl":{"start":{"line":39,"column":2},"end":{"line":39,"column":3}},"loc":{"start":{"line":39,"column":21},"end":{"line":48,"column":3}},"line":39},"3":{"name":"(anonymous_3)","decl":{"start":{"line":49,"column":2},"end":{"line":49,"column":3}},"loc":{"start":{"line":49,"column":22},"end":{"line":51,"column":3}},"line":49},"4":{"name":"(anonymous_4)","decl":{"start":{"line":55,"column":2},"end":{"line":55,"column":3}},"loc":{"start":{"line":55,"column":22},"end":{"line":74,"column":3}},"line":55},"5":{"name":"(anonymous_5)","decl":{"start":{"line":56,"column":18},"end":{"line":56,"column":19}},"loc":{"start":{"line":56,"column":30},"end":{"line":62,"column":5}},"line":56},"6":{"name":"(anonymous_6)","decl":{"start":{"line":64,"column":12},"end":{"line":64,"column":13}},"loc":{"start":{"line":64,"column":31},"end":{"line":72,"column":7}},"line":64},"7":{"name":"(anonymous_7)","decl":{"start":{"line":66,"column":22},"end":{"line":66,"column":23}},"loc":{"start":{"line":66,"column":34},"end":{"line":70,"column":9}},"line":66},"8":{"name":"(anonymous_8)","decl":{"start":{"line":76,"column":2},"end":{"line":76,"column":3}},"loc":{"start":{"line":76,"column":11},"end":{"line":83,"column":3}},"line":76}},"branchMap":{"0":{"loc":{"start":{"line":17,"column":23},"end":{"line":17,"column":93}},"type":"cond-expr","locations":[{"start":{"line":17,"column":66},"end":{"line":17,"column":86}},{"start":{"line":17,"column":89},"end":{"line":17,"column":93}}],"line":17}},"s":{"0":2,"1":2,"2":18,"3":3,"4":2,"5":2,"6":2,"7":1,"8":1,"9":1,"10":1,"11":0,"12":0,"13":0,"14":3,"15":3},"f":{"0":2,"1":18,"2":2,"3":1,"4":1,"5":1,"6":0,"7":0,"8":3},"b":{"0":[2,16]},"_coverageSchema":"332fd63041d2c1bcb487cc26dd0d5f7d97098a6c","hash":"ade293935d5a0e521dd06d9c449ed80fae9ee660"}
,"/Users/natalieelizabeth/Desktop/news-api/src/app/components/Search.js": {"path":"/Users/natalieelizabeth/Desktop/news-api/src/app/components/Search.js","statementMap":{"0":{"start":{"line":6,"column":4},"end":{"line":6,"column":12}},"1":{"start":{"line":7,"column":4},"end":{"line":10,"column":6}},"2":{"start":{"line":13,"column":4},"end":{"line":13,"column":50}},"3":{"start":{"line":17,"column":18},"end":{"line":17,"column":50}},"4":{"start":{"line":18,"column":4},"end":{"line":23,"column":9}},"5":{"start":{"line":20,"column":8},"end":{"line":22,"column":11}},"6":{"start":{"line":27,"column":4},"end":{"line":27,"column":23}},"7":{"start":{"line":32,"column":16},"end":{"line":36,"column":8}},"8":{"start":{"line":34,"column":8},"end":{"line":34,"column":90}},"9":{"start":{"line":38,"column":4},"end":{"line":57,"column":6}},"10":{"start":{"line":47,"column":10},"end":{"line":51,"column":20}}},"fnMap":{"0":{"name":"(anonymous_0)","decl":{"start":{"line":5,"column":2},"end":{"line":5,"column":3}},"loc":{"start":{"line":5,"column":16},"end":{"line":11,"column":3}},"line":5},"1":{"name":"(anonymous_1)","decl":{"start":{"line":12,"column":2},"end":{"line":12,"column":3}},"loc":{"start":{"line":12,"column":22},"end":{"line":15,"column":3}},"line":12},"2":{"name":"(anonymous_2)","decl":{"start":{"line":16,"column":2},"end":{"line":16,"column":3}},"loc":{"start":{"line":16,"column":16},"end":{"line":24,"column":3}},"line":16},"3":{"name":"(anonymous_3)","decl":{"start":{"line":19,"column":12},"end":{"line":19,"column":13}},"loc":{"start":{"line":19,"column":24},"end":{"line":23,"column":7}},"line":19},"4":{"name":"(anonymous_4)","decl":{"start":{"line":26,"column":2},"end":{"line":26,"column":3}},"loc":{"start":{"line":26,"column":22},"end":{"line":29,"column":3}},"line":26},"5":{"name":"(anonymous_5)","decl":{"start":{"line":31,"column":2},"end":{"line":31,"column":3}},"loc":{"start":{"line":31,"column":11},"end":{"line":58,"column":3}},"line":31},"6":{"name":"(anonymous_6)","decl":{"start":{"line":33,"column":6},"end":{"line":33,"column":7}},"loc":{"start":{"line":33,"column":19},"end":{"line":36,"column":7}},"line":33},"7":{"name":"(anonymous_7)","decl":{"start":{"line":45,"column":19},"end":{"line":45,"column":20}},"loc":{"start":{"line":45,"column":32},"end":{"line":53,"column":9}},"line":45}},"branchMap":{},"s":{"0":3,"1":3,"2":0,"3":1,"4":1,"5":0,"6":1,"7":3,"8":0,"9":3,"10":0},"f":{"0":3,"1":0,"2":1,"3":0,"4":1,"5":3,"6":0,"7":0},"b":{},"_coverageSchema":"332fd63041d2c1bcb487cc26dd0d5f7d97098a6c","hash":"07d72dd9fa60d2aaa0b4a0b4cad1022f2de82bed"}
,"/Users/natalieelizabeth/Desktop/news-api/src/app/components/filter.js": {"path":"/Users/natalieelizabeth/Desktop/news-api/src/app/components/filter.js","statementMap":{"0":{"start":{"line":5,"column":16},"end":{"line":27,"column":1}},"1":{"start":{"line":31,"column":4},"end":{"line":31,"column":17}},"2":{"start":{"line":32,"column":4},"end":{"line":43,"column":6}},"3":{"start":{"line":44,"column":4},"end":{"line":44,"column":65}},"4":{"start":{"line":47,"column":18},"end":{"line":47,"column":50}},"5":{"start":{"line":48,"column":4},"end":{"line":53,"column":9}},"6":{"start":{"line":50,"column":8},"end":{"line":52,"column":12}},"7":{"start":{"line":50,"column":38},"end":{"line":52,"column":9}},"8":{"start":{"line":57,"column":4},"end":{"line":57,"column":23}},"9":{"start":{"line":61,"column":28},"end":{"line":61,"column":40}},"10":{"start":{"line":63,"column":4},"end":{"line":70,"column":7}},"11":{"start":{"line":64,"column":24},"end":{"line":66,"column":8}},"12":{"start":{"line":67,"column":6},"end":{"line":69,"column":9}},"13":{"start":{"line":75,"column":52},"end":{"line":75,"column":62}},"14":{"start":{"line":77,"column":29},"end":{"line":79,"column":6}},"15":{"start":{"line":78,"column":6},"end":{"line":78,"column":47}},"16":{"start":{"line":81,"column":4},"end":{"line":123,"column":6}},"17":{"start":{"line":91,"column":12},"end":{"line":93,"column":21}},"18":{"start":{"line":104,"column":12},"end":{"line":106,"column":21}},"19":{"start":{"line":112,"column":12},"end":{"line":118,"column":14}}},"fnMap":{"0":{"name":"(anonymous_0)","decl":{"start":{"line":30,"column":2},"end":{"line":30,"column":3}},"loc":{"start":{"line":30,"column":21},"end":{"line":45,"column":3}},"line":30},"1":{"name":"(anonymous_1)","decl":{"start":{"line":46,"column":2},"end":{"line":46,"column":3}},"loc":{"start":{"line":46,"column":16},"end":{"line":54,"column":3}},"line":46},"2":{"name":"(anonymous_2)","decl":{"start":{"line":49,"column":12},"end":{"line":49,"column":13}},"loc":{"start":{"line":49,"column":26},"end":{"line":53,"column":7}},"line":49},"3":{"name":"(anonymous_3)","decl":{"start":{"line":50,"column":22},"end":{"line":50,"column":23}},"loc":{"start":{"line":50,"column":38},"end":{"line":52,"column":9}},"line":50},"4":{"name":"(anonymous_4)","decl":{"start":{"line":56,"column":2},"end":{"line":56,"column":3}},"loc":{"start":{"line":56,"column":22},"end":{"line":58,"column":3}},"line":56},"5":{"name":"(anonymous_5)","decl":{"start":{"line":60,"column":2},"end":{"line":60,"column":3}},"loc":{"start":{"line":60,"column":28},"end":{"line":71,"column":3}},"line":60},"6":{"name":"(anonymous_6)","decl":{"start":{"line":63,"column":18},"end":{"line":63,"column":19}},"loc":{"start":{"line":63,"column":33},"end":{"line":70,"column":5}},"line":63},"7":{"name":"(anonymous_7)","decl":{"start":{"line":73,"column":2},"end":{"line":73,"column":3}},"loc":{"start":{"line":73,"column":11},"end":{"line":124,"column":3}},"line":73},"8":{"name":"(anonymous_8)","decl":{"start":{"line":77,"column":44},"end":{"line":77,"column":45}},"loc":{"start":{"line":77,"column":54},"end":{"line":79,"column":5}},"line":77},"9":{"name":"(anonymous_9)","decl":{"start":{"line":90,"column":36},"end":{"line":90,"column":37}},"loc":{"start":{"line":91,"column":12},"end":{"line":93,"column":21}},"line":91},"10":{"name":"(anonymous_10)","decl":{"start":{"line":103,"column":47},"end":{"line":103,"column":48}},"loc":{"start":{"line":104,"column":12},"end":{"line":106,"column":21}},"line":104},"11":{"name":"(anonymous_11)","decl":{"start":{"line":111,"column":33},"end":{"line":111,"column":34}},"loc":{"start":{"line":111,"column":43},"end":{"line":119,"column":11}},"line":111}},"branchMap":{},"s":{"0":2,"1":6,"2":6,"3":6,"4":3,"5":3,"6":0,"7":0,"8":3,"9":2,"10":2,"11":2,"12":2,"13":11,"14":11,"15":2,"16":11,"17":33,"18":39,"19":2},"f":{"0":6,"1":3,"2":0,"3":0,"4":3,"5":2,"6":2,"7":11,"8":2,"9":33,"10":39,"11":2},"b":{},"_coverageSchema":"332fd63041d2c1bcb487cc26dd0d5f7d97098a6c","hash":"153728607b560391b2c259ec104105c80362d2c4"}
,"/Users/natalieelizabeth/Desktop/news-api/src/app/components/header.js": {"path":"/Users/natalieelizabeth/Desktop/news-api/src/app/components/header.js","statementMap":{"0":{"start":{"line":5,"column":2},"end":{"line":10,"column":4}},"1":{"start":{"line":12,"column":0},"end":{"line":12,"column":24}}},"fnMap":{"0":{"name":"Header","decl":{"start":{"line":4,"column":9},"end":{"line":4,"column":15}},"loc":{"start":{"line":4,"column":18},"end":{"line":11,"column":1}},"line":4}},"branchMap":{},"s":{"0":1,"1":2},"f":{"0":1},"b":{},"_coverageSchema":"332fd63041d2c1bcb487cc26dd0d5f7d97098a6c","hash":"7380af05eca60fee0da3200ff85ee8aa723e6d44"}
,"/Users/natalieelizabeth/Desktop/news-api/src/app/utils/api.js": {"path":"/Users/natalieelizabeth/Desktop/news-api/src/app/utils/api.js","statementMap":{"0":{"start":{"line":3,"column":0},"end":{"line":13,"column":2}},"1":{"start":{"line":5,"column":21},"end":{"line":5,"column":92}},"2":{"start":{"line":7,"column":4},"end":{"line":11,"column":9}},"3":{"start":{"line":9,"column":8},"end":{"line":9,"column":37}},"4":{"start":{"line":10,"column":8},"end":{"line":10,"column":37}}},"fnMap":{"0":{"name":"(anonymous_0)","decl":{"start":{"line":4,"column":16},"end":{"line":4,"column":17}},"loc":{"start":{"line":4,"column":36},"end":{"line":12,"column":3}},"line":4},"1":{"name":"(anonymous_1)","decl":{"start":{"line":8,"column":12},"end":{"line":8,"column":13}},"loc":{"start":{"line":8,"column":32},"end":{"line":11,"column":7}},"line":8}},"branchMap":{},"s":{"0":3,"1":1,"2":1,"3":0,"4":0},"f":{"0":1,"1":0},"b":{},"_coverageSchema":"332fd63041d2c1bcb487cc26dd0d5f7d97098a6c","hash":"791beeaa61714e13d3bec8bd3657c7e2a748370d"}
,"/Users/natalieelizabeth/Desktop/news-api/tests/jestsetup.js": {"path":"/Users/natalieelizabeth/Desktop/news-api/tests/jestsetup.js","statementMap":{"0":{"start":{"line":3,"column":0},"end":{"line":3,"column":25}},"1":{"start":{"line":4,"column":0},"end":{"line":4,"column":23}},"2":{"start":{"line":5,"column":0},"end":{"line":5,"column":21}},"3":{"start":{"line":8,"column":0},"end":{"line":10,"column":2}},"4":{"start":{"line":9,"column":4},"end":{"line":9,"column":29}}},"fnMap":{"0":{"name":"(anonymous_0)","decl":{"start":{"line":8,"column":16},"end":{"line":8,"column":17}},"loc":{"start":{"line":8,"column":27},"end":{"line":10,"column":1}},"line":8}},"branchMap":{},"s":{"0":7,"1":7,"2":7,"3":7,"4":0},"f":{"0":0},"b":{},"_coverageSchema":"332fd63041d2c1bcb487cc26dd0d5f7d97098a6c","hash":"46574e8d7e23abd1c1ce24b5d4a878bb771ecdfe"}
}
