TN:
SF:/Users/natalieelizabeth/Desktop/news-api/src/app/components/Articles.js
FN:5,(anonymous_0)
FN:12,(anonymous_1)
FN:16,(anonymous_2)
FNF:3
FNH:0
FNDA:0,(anonymous_0)
FNDA:0,(anonymous_1)
FNDA:0,(anonymous_2)
DA:6,0
DA:7,0
DA:13,0
DA:17,0
LF:4
LH:0
BRF:0
BRH:0
end_of_record
TN:
SF:/Users/natalieelizabeth/Desktop/news-api/src/app/components/Login.js
FN:7,(anonymous_0)
FN:11,(anonymous_1)
FN:15,(anonymous_2)
FN:18,Login
FNF:4
FNH:1
FNDA:0,(anonymous_0)
FNDA:0,(anonymous_1)
FNDA:0,(anonymous_2)
FNDA:3,Login
DA:7,1
DA:8,0
DA:11,1
DA:12,0
DA:15,1
DA:16,0
DA:19,3
DA:32,1
LF:8
LH:5
BRF:0
BRH:0
end_of_record
TN:
SF:/Users/natalieelizabeth/Desktop/news-api/src/app/components/Nav.js
FN:24,(anonymous_0)
FN:49,(anonymous_1)
FN:53,(anonymous_2)
FN:57,(anonymous_3)
FN:61,(anonymous_4)
FN:65,(anonymous_5)
FN:69,(anonymous_6)
FN:75,(anonymous_7)
FN:81,(anonymous_8)
FN:86,(anonymous_9)
FN:91,(anonymous_10)
FN:95,(anonymous_11)
FN:96,(anonymous_12)
FN:105,(anonymous_13)
FNF:14
FNH:6
FNDA:2,(anonymous_0)
FNDA:0,(anonymous_1)
FNDA:0,(anonymous_2)
FNDA:0,(anonymous_3)
FNDA:0,(anonymous_4)
FNDA:1,(anonymous_5)
FNDA:1,(anonymous_6)
FNDA:0,(anonymous_7)
FNDA:1,(anonymous_8)
FNDA:0,(anonymous_9)
FNDA:3,(anonymous_10)
FNDA:0,(anonymous_11)
FNDA:0,(anonymous_12)
FNDA:3,(anonymous_13)
DA:10,1
DA:25,2
DA:26,2
DA:27,2
DA:43,2
DA:44,2
DA:45,2
DA:50,0
DA:54,0
DA:58,0
DA:62,0
DA:66,1
DA:70,1
DA:73,1
DA:74,1
DA:76,0
DA:82,1
DA:87,0
DA:88,0
DA:92,3
DA:93,0
DA:96,0
DA:102,3
DA:106,3
DA:107,3
DA:109,3
DA:110,0
DA:112,3
DA:114,3
DA:127,3
DA:136,3
DA:137,0
DA:145,3
LF:33
LH:22
BRDA:73,0,0,0
BRDA:73,0,1,1
BRDA:92,1,0,0
BRDA:92,1,1,3
BRDA:109,2,0,0
BRDA:109,2,1,3
BRDA:136,3,0,0
BRDA:136,3,1,3
BRDA:148,4,0,3
BRDA:148,4,1,3
BRDA:158,5,0,3
BRDA:158,5,1,0
BRF:12
BRH:7
end_of_record
TN:
SF:/Users/natalieelizabeth/Desktop/news-api/src/app/components/NavBar.js
FN:10,(anonymous_0)
FN:14,(anonymous_1)
FN:39,(anonymous_2)
FN:49,(anonymous_3)
FN:55,(anonymous_4)
FN:56,(anonymous_5)
FN:64,(anonymous_6)
FN:66,(anonymous_7)
FN:76,(anonymous_8)
FNF:9
FNH:7
FNDA:2,(anonymous_0)
FNDA:18,(anonymous_1)
FNDA:2,(anonymous_2)
FNDA:1,(anonymous_3)
FNDA:1,(anonymous_4)
FNDA:1,(anonymous_5)
FNDA:0,(anonymous_6)
FNDA:0,(anonymous_7)
FNDA:3,(anonymous_8)
DA:11,2
DA:12,2
DA:15,18
DA:31,3
DA:40,2
DA:41,2
DA:47,2
DA:50,1
DA:56,1
DA:57,1
DA:63,1
DA:65,0
DA:66,0
DA:67,0
DA:77,3
DA:85,3
LF:16
LH:13
BRDA:17,0,0,2
BRDA:17,0,1,16
BRF:2
BRH:2
end_of_record
TN:
SF:/Users/natalieelizabeth/Desktop/news-api/src/app/components/Search.js
FN:5,(anonymous_0)
FN:12,(anonymous_1)
FN:17,(anonymous_2)
FN:19,(anonymous_3)
FN:26,(anonymous_4)
FN:28,(anonymous_5)
FN:40,(anonymous_6)
FNF:7
FNH:2
FNDA:1,(anonymous_0)
FNDA:0,(anonymous_1)
FNDA:0,(anonymous_2)
FNDA:0,(anonymous_3)
FNDA:1,(anonymous_4)
FNDA:0,(anonymous_5)
FNDA:0,(anonymous_6)
DA:6,1
DA:7,1
DA:13,0
DA:18,0
DA:20,0
DA:27,1
DA:29,0
DA:33,1
DA:42,0
LF:9
LH:4
BRF:0
BRH:0
end_of_record
TN:
SF:/Users/natalieelizabeth/Desktop/news-api/src/app/components/filter.js
FN:30,(anonymous_0)
FN:47,(anonymous_1)
FN:50,(anonymous_2)
FN:51,(anonymous_3)
FN:57,(anonymous_4)
FN:60,(anonymous_5)
FN:70,(anonymous_6)
FN:80,(anonymous_7)
FN:93,(anonymous_8)
FN:106,(anonymous_9)
FN:114,(anonymous_10)
FNF:11
FNH:5
FNDA:1,(anonymous_0)
FNDA:1,(anonymous_1)
FNDA:0,(anonymous_2)
FNDA:0,(anonymous_3)
FNDA:0,(anonymous_4)
FNDA:0,(anonymous_5)
FNDA:2,(anonymous_6)
FNDA:0,(anonymous_7)
FNDA:6,(anonymous_8)
FNDA:6,(anonymous_9)
FNDA:0,(anonymous_10)
DA:5,1
DA:31,1
DA:32,1
DA:44,1
DA:48,1
DA:51,0
DA:58,0
DA:60,0
DA:61,0
DA:64,0
DA:78,2
DA:80,2
DA:81,0
DA:84,2
DA:94,6
DA:107,6
DA:115,0
LF:17
LH:10
BRF:0
BRH:0
end_of_record
TN:
SF:/Users/natalieelizabeth/Desktop/news-api/src/app/components/header.js
FN:4,Header
FNF:1
FNH:1
FNDA:1,Header
DA:5,1
DA:12,2
LF:2
LH:2
BRF:0
BRH:0
end_of_record
TN:
SF:/Users/natalieelizabeth/Desktop/news-api/src/app/utils/api.js
FN:4,(anonymous_0)
FN:8,(anonymous_1)
FNF:2
FNH:1
FNDA:1,(anonymous_0)
FNDA:0,(anonymous_1)
DA:3,3
DA:5,1
DA:7,1
DA:9,0
DA:10,0
LF:5
LH:3
BRF:0
BRH:0
end_of_record
TN:
SF:/Users/natalieelizabeth/Desktop/news-api/tests/jestsetup.js
FN:8,(anonymous_0)
FNF:1
FNH:0
FNDA:0,(anonymous_0)
DA:3,6
DA:4,6
DA:5,6
DA:8,6
DA:9,0
LF:5
LH:4
BRF:0
BRH:0
end_of_record
