TN:
SF:/Users/natalieelizabeth/Desktop/news-api/src/app/components/Articles.js
FN:5,(anonymous_0)
FN:12,(anonymous_1)
FN:16,(anonymous_2)
FNF:3
FNH:2
FNDA:1,(anonymous_0)
FNDA:1,(anonymous_1)
FNDA:0,(anonymous_2)
DA:6,1
DA:7,1
DA:13,1
DA:17,0
LF:4
LH:3
BRF:0
BRH:0
end_of_record
TN:
SF:/Users/natalieelizabeth/Desktop/news-api/src/app/components/Login.js
FN:7,(anonymous_0)
FN:11,(anonymous_1)
FN:15,(anonymous_2)
FN:18,Login
FNF:4
FNH:1
FNDA:0,(anonymous_0)
FNDA:0,(anonymous_1)
FNDA:0,(anonymous_2)
FNDA:3,Login
DA:7,1
DA:8,0
DA:11,1
DA:12,0
DA:15,1
DA:16,0
DA:19,3
DA:32,1
LF:8
LH:5
BRF:0
BRH:0
end_of_record
TN:
SF:/Users/natalieelizabeth/Desktop/news-api/src/app/components/Nav.js
FN:24,(anonymous_0)
FN:49,(anonymous_1)
FN:53,(anonymous_2)
FN:57,(anonymous_3)
FN:61,(anonymous_4)
FN:65,(anonymous_5)
FN:69,(anonymous_6)
FN:75,(anonymous_7)
FN:81,(anonymous_8)
FN:86,(anonymous_9)
FN:91,(anonymous_10)
FN:95,(anonymous_11)
FN:96,(anonymous_12)
FN:105,(anonymous_13)
FNF:14
FNH:6
FNDA:5,(anonymous_0)
FNDA:0,(anonymous_1)
FNDA:0,(anonymous_2)
FNDA:0,(anonymous_3)
FNDA:0,(anonymous_4)
FNDA:1,(anonymous_5)
FNDA:1,(anonymous_6)
FNDA:0,(anonymous_7)
FNDA:1,(anonymous_8)
FNDA:0,(anonymous_9)
FNDA:7,(anonymous_10)
FNDA:0,(anonymous_11)
FNDA:0,(anonymous_12)
FNDA:7,(anonymous_13)
DA:10,1
DA:25,5
DA:26,5
DA:27,5
DA:43,5
DA:44,5
DA:45,5
DA:50,0
DA:54,0
DA:58,0
DA:62,0
DA:66,1
DA:70,1
DA:73,1
DA:74,1
DA:76,0
DA:82,1
DA:87,0
DA:88,0
DA:92,7
DA:93,0
DA:96,0
DA:102,7
DA:106,7
DA:107,7
DA:109,7
DA:110,0
DA:112,7
DA:114,7
DA:127,7
DA:136,7
DA:137,0
DA:145,7
LF:33
LH:22
BRDA:73,0,0,0
BRDA:73,0,1,1
BRDA:92,1,0,0
BRDA:92,1,1,7
BRDA:109,2,0,0
BRDA:109,2,1,7
BRDA:136,3,0,0
BRDA:136,3,1,7
BRDA:148,4,0,7
BRDA:148,4,1,7
BRDA:158,5,0,7
BRDA:158,5,1,0
BRF:12
BRH:7
end_of_record
TN:
SF:/Users/natalieelizabeth/Desktop/news-api/src/app/components/NavBar.js
FN:10,(anonymous_0)
FN:14,(anonymous_1)
FN:39,(anonymous_2)
FN:49,(anonymous_3)
FN:55,(anonymous_4)
FN:56,(anonymous_5)
FN:64,(anonymous_6)
FN:66,(anonymous_7)
FN:76,(anonymous_8)
FNF:9
FNH:7
FNDA:2,(anonymous_0)
FNDA:18,(anonymous_1)
FNDA:2,(anonymous_2)
FNDA:1,(anonymous_3)
FNDA:1,(anonymous_4)
FNDA:1,(anonymous_5)
FNDA:0,(anonymous_6)
FNDA:0,(anonymous_7)
FNDA:3,(anonymous_8)
DA:11,2
DA:12,2
DA:15,18
DA:31,3
DA:40,2
DA:41,2
DA:47,2
DA:50,1
DA:56,1
DA:57,1
DA:63,1
DA:65,0
DA:66,0
DA:67,0
DA:77,3
DA:85,3
LF:16
LH:13
BRDA:17,0,0,2
BRDA:17,0,1,16
BRF:2
BRH:2
end_of_record
TN:
SF:/Users/natalieelizabeth/Desktop/news-api/src/app/components/Search.js
FN:5,(anonymous_0)
FN:12,(anonymous_1)
FN:16,(anonymous_2)
FN:19,(anonymous_3)
FN:26,(anonymous_4)
FN:31,(anonymous_5)
FN:33,(anonymous_6)
FN:45,(anonymous_7)
FNF:8
FNH:4
FNDA:3,(anonymous_0)
FNDA:0,(anonymous_1)
FNDA:1,(anonymous_2)
FNDA:0,(anonymous_3)
FNDA:1,(anonymous_4)
FNDA:3,(anonymous_5)
FNDA:0,(anonymous_6)
FNDA:0,(anonymous_7)
DA:6,3
DA:7,3
DA:13,0
DA:17,1
DA:18,1
DA:20,0
DA:27,1
DA:32,3
DA:34,0
DA:38,3
DA:47,0
LF:11
LH:7
BRF:0
BRH:0
end_of_record
TN:
SF:/Users/natalieelizabeth/Desktop/news-api/src/app/components/filter.js
FN:30,(anonymous_0)
FN:46,(anonymous_1)
FN:49,(anonymous_2)
FN:50,(anonymous_3)
FN:56,(anonymous_4)
FN:60,(anonymous_5)
FN:63,(anonymous_6)
FN:73,(anonymous_7)
FN:77,(anonymous_8)
FN:90,(anonymous_9)
FN:103,(anonymous_10)
FN:111,(anonymous_11)
FNF:12
FNH:10
FNDA:6,(anonymous_0)
FNDA:3,(anonymous_1)
FNDA:0,(anonymous_2)
FNDA:0,(anonymous_3)
FNDA:3,(anonymous_4)
FNDA:2,(anonymous_5)
FNDA:2,(anonymous_6)
FNDA:11,(anonymous_7)
FNDA:2,(anonymous_8)
FNDA:33,(anonymous_9)
FNDA:39,(anonymous_10)
FNDA:2,(anonymous_11)
DA:5,2
DA:31,6
DA:32,6
DA:44,6
DA:47,3
DA:48,3
DA:50,0
DA:57,3
DA:61,2
DA:63,2
DA:64,2
DA:67,2
DA:75,11
DA:77,11
DA:78,2
DA:81,11
DA:91,33
DA:104,39
DA:112,2
LF:19
LH:18
BRF:0
BRH:0
end_of_record
TN:
SF:/Users/natalieelizabeth/Desktop/news-api/src/app/components/header.js
FN:4,Header
FNF:1
FNH:1
FNDA:1,Header
DA:5,1
DA:12,2
LF:2
LH:2
BRF:0
BRH:0
end_of_record
TN:
SF:/Users/natalieelizabeth/Desktop/news-api/src/app/utils/api.js
FN:4,(anonymous_0)
FN:8,(anonymous_1)
FNF:2
FNH:1
FNDA:1,(anonymous_0)
FNDA:0,(anonymous_1)
DA:3,3
DA:5,1
DA:7,1
DA:9,0
DA:10,0
LF:5
LH:3
BRF:0
BRH:0
end_of_record
TN:
SF:/Users/natalieelizabeth/Desktop/news-api/tests/jestsetup.js
FN:8,(anonymous_0)
FNF:1
FNH:0
FNDA:0,(anonymous_0)
DA:3,7
DA:4,7
DA:5,7
DA:8,7
DA:9,0
LF:5
LH:4
BRF:0
BRH:0
end_of_record
